{"contracts\\LandRegistry.sol":{"l":{"46":22,"47":21,"51":23,"52":22,"56":63,"57":63,"61":21,"65":1,"75":15,"77":15,"89":15,"92":15,"103":15,"105":15,"106":15,"115":7,"116":7,"118":6,"120":6,"131":6,"133":6,"134":6,"142":6,"143":6,"145":6,"146":6,"148":5,"149":5,"152":5,"154":3,"157":3,"160":3,"161":3,"163":3,"165":2,"168":5,"172":2,"173":2,"175":1,"179":6,"180":5,"184":1,"185":1,"189":3,"193":3,"194":3,"195":3,"196":3,"197":3,"198":3},"path":"D:\\main-propchain\\contracts\\LandRegistry.sol","s":{"1":22,"2":23,"3":15,"4":15,"5":15,"6":15,"7":15,"8":7,"9":7,"10":6,"11":6,"12":6,"13":6,"14":6,"15":6,"16":6,"17":6,"18":5,"19":3,"20":3,"21":3,"22":2,"23":5,"24":2,"25":2,"26":6,"27":5,"28":1,"29":1,"30":3,"31":3,"32":3,"33":3,"34":3},"b":{"1":[21,1],"2":[21,0],"3":[22,1],"4":[21,1],"5":[1,0],"6":[15,1],"7":[7,0],"8":[6,1],"9":[6,0],"10":[6,0],"11":[6,0],"12":[6,0],"13":[5,1],"14":[3,2],"15":[3,0],"16":[2,0],"17":[2,0],"18":[1,1],"19":[1,0],"20":[5,1],"21":[1,0],"22":[3,0]},"f":{"1":22,"2":23,"3":63,"4":21,"5":1,"6":15,"7":7,"8":6,"9":2,"10":6,"11":1,"12":3,"13":3},"fnMap":{"1":{"name":"onlyAdmin","line":45,"loc":{"start":{"line":45,"column":4},"end":{"line":48,"column":4}}},"2":{"name":"onlyOwner","line":50,"loc":{"start":{"line":50,"column":4},"end":{"line":53,"column":4}}},"3":{"name":"constructor","line":55,"loc":{"start":{"line":55,"column":4},"end":{"line":58,"column":4}}},"4":{"name":"addAdmin","line":60,"loc":{"start":{"line":60,"column":4},"end":{"line":62,"column":4}}},"5":{"name":"removeAdmin","line":64,"loc":{"start":{"line":64,"column":4},"end":{"line":66,"column":4}}},"6":{"name":"registerProperty","line":74,"loc":{"start":{"line":68,"column":4},"end":{"line":107,"column":4}}},"7":{"name":"initiateTransaction","line":109,"loc":{"start":{"line":109,"column":4},"end":{"line":135,"column":4}}},"8":{"name":"approveTransaction","line":141,"loc":{"start":{"line":137,"column":4},"end":{"line":169,"column":4}}},"9":{"name":"updatePropertyStatus","line":171,"loc":{"start":{"line":171,"column":4},"end":{"line":176,"column":4}}},"10":{"name":"getProperty","line":178,"loc":{"start":{"line":178,"column":4},"end":{"line":181,"column":4}}},"11":{"name":"getPropertyTransactions","line":183,"loc":{"start":{"line":183,"column":4},"end":{"line":186,"column":4}}},"12":{"name":"getOwnerProperties","line":188,"loc":{"start":{"line":188,"column":4},"end":{"line":190,"column":4}}},"13":{"name":"_removePropertyFromOwner","line":192,"loc":{"start":{"line":192,"column":4},"end":{"line":201,"column":4}}}},"statementMap":{"1":{"start":{"line":46,"column":8},"end":{"line":46,"column":95}},"2":{"start":{"line":51,"column":8},"end":{"line":51,"column":82}},"3":{"start":{"line":89,"column":8},"end":{"line":89,"column":52}},"4":{"start":{"line":92,"column":8},"end":{"line":92,"column":2923}},"5":{"start":{"line":103,"column":8},"end":{"line":103,"column":65}},"6":{"start":{"line":105,"column":8},"end":{"line":105,"column":67}},"7":{"start":{"line":106,"column":8},"end":{"line":106,"column":30}},"8":{"start":{"line":115,"column":8},"end":{"line":115,"column":73}},"9":{"start":{"line":116,"column":8},"end":{"line":116,"column":138}},"10":{"start":{"line":120,"column":8},"end":{"line":120,"column":3946}},"11":{"start":{"line":131,"column":8},"end":{"line":131,"column":61}},"12":{"start":{"line":133,"column":8},"end":{"line":133,"column":83}},"13":{"start":{"line":134,"column":8},"end":{"line":134,"column":33}},"14":{"start":{"line":142,"column":8},"end":{"line":142,"column":73}},"15":{"start":{"line":143,"column":8},"end":{"line":143,"column":106}},"16":{"start":{"line":145,"column":8},"end":{"line":145,"column":94}},"17":{"start":{"line":146,"column":8},"end":{"line":146,"column":71}},"18":{"start":{"line":152,"column":8},"end":{"line":152,"column":5219}},"19":{"start":{"line":154,"column":12},"end":{"line":154,"column":79}},"20":{"start":{"line":157,"column":12},"end":{"line":157,"column":60}},"21":{"start":{"line":163,"column":12},"end":{"line":163,"column":84}},"22":{"start":{"line":164,"column":15},"end":{"line":164,"column":5893}},"23":{"start":{"line":168,"column":8},"end":{"line":168,"column":64}},"24":{"start":{"line":172,"column":8},"end":{"line":172,"column":73}},"25":{"start":{"line":173,"column":8},"end":{"line":173,"column":99}},"26":{"start":{"line":179,"column":8},"end":{"line":179,"column":73}},"27":{"start":{"line":180,"column":8},"end":{"line":180,"column":38}},"28":{"start":{"line":184,"column":8},"end":{"line":184,"column":73}},"29":{"start":{"line":185,"column":8},"end":{"line":185,"column":48}},"30":{"start":{"line":189,"column":8},"end":{"line":189,"column":38}},"31":{"start":{"line":193,"column":8},"end":{"line":193,"column":62}},"32":{"start":{"line":194,"column":8},"end":{"line":194,"column":7241}},"33":{"start":{"line":195,"column":12},"end":{"line":195,"column":7308}},"34":{"start":{"line":197,"column":16},"end":{"line":197,"column":31}}},"branchMap":{"1":{"line":46,"type":"if","locations":[{"start":{"line":46,"column":8},"end":{"line":46,"column":8}},{"start":{"line":46,"column":8},"end":{"line":46,"column":8}}]},"2":{"line":46,"type":"cond-expr","locations":[{"start":{"line":46,"column":16},"end":{"line":46,"column":33}},{"start":{"line":46,"column":38},"end":{"line":46,"column":56}}]},"3":{"line":51,"type":"if","locations":[{"start":{"line":51,"column":8},"end":{"line":51,"column":8}},{"start":{"line":51,"column":8},"end":{"line":51,"column":8}}]},"4":{"line":60,"type":"if","locations":[{"start":{"line":60,"column":47},"end":{"line":60,"column":47}},{"start":{"line":60,"column":47},"end":{"line":60,"column":47}}]},"5":{"line":64,"type":"if","locations":[{"start":{"line":64,"column":50},"end":{"line":64,"column":50}},{"start":{"line":64,"column":50},"end":{"line":64,"column":50}}]},"6":{"line":74,"type":"if","locations":[{"start":{"line":74,"column":15},"end":{"line":74,"column":15}},{"start":{"line":74,"column":15},"end":{"line":74,"column":15}}]},"7":{"line":115,"type":"if","locations":[{"start":{"line":115,"column":8},"end":{"line":115,"column":8}},{"start":{"line":115,"column":8},"end":{"line":115,"column":8}}]},"8":{"line":116,"type":"if","locations":[{"start":{"line":116,"column":8},"end":{"line":116,"column":8}},{"start":{"line":116,"column":8},"end":{"line":116,"column":8}}]},"9":{"line":116,"type":"cond-expr","locations":[{"start":{"line":116,"column":16},"end":{"line":116,"column":58}},{"start":{"line":116,"column":63},"end":{"line":116,"column":80}}]},"10":{"line":141,"type":"if","locations":[{"start":{"line":141,"column":15},"end":{"line":141,"column":15}},{"start":{"line":141,"column":15},"end":{"line":141,"column":15}}]},"11":{"line":142,"type":"if","locations":[{"start":{"line":142,"column":8},"end":{"line":142,"column":8}},{"start":{"line":142,"column":8},"end":{"line":142,"column":8}}]},"12":{"line":143,"type":"if","locations":[{"start":{"line":143,"column":8},"end":{"line":143,"column":8}},{"start":{"line":143,"column":8},"end":{"line":143,"column":8}}]},"13":{"line":146,"type":"if","locations":[{"start":{"line":146,"column":8},"end":{"line":146,"column":8}},{"start":{"line":146,"column":8},"end":{"line":146,"column":8}}]},"14":{"line":152,"type":"if","locations":[{"start":{"line":152,"column":8},"end":{"line":152,"column":8}},{"start":{"line":152,"column":8},"end":{"line":152,"column":8}}]},"15":{"line":152,"type":"cond-expr","locations":[{"start":{"line":152,"column":12},"end":{"line":152,"column":62}},{"start":{"line":152,"column":67},"end":{"line":152,"column":121}}]},"16":{"line":164,"type":"if","locations":[{"start":{"line":164,"column":15},"end":{"line":164,"column":15}},{"start":{"line":164,"column":15},"end":{"line":164,"column":15}}]},"17":{"line":172,"type":"if","locations":[{"start":{"line":172,"column":8},"end":{"line":172,"column":8}},{"start":{"line":172,"column":8},"end":{"line":172,"column":8}}]},"18":{"line":173,"type":"if","locations":[{"start":{"line":173,"column":8},"end":{"line":173,"column":8}},{"start":{"line":173,"column":8},"end":{"line":173,"column":8}}]},"19":{"line":173,"type":"cond-expr","locations":[{"start":{"line":173,"column":16},"end":{"line":173,"column":58}},{"start":{"line":173,"column":63},"end":{"line":173,"column":80}}]},"20":{"line":179,"type":"if","locations":[{"start":{"line":179,"column":8},"end":{"line":179,"column":8}},{"start":{"line":179,"column":8},"end":{"line":179,"column":8}}]},"21":{"line":184,"type":"if","locations":[{"start":{"line":184,"column":8},"end":{"line":184,"column":8}},{"start":{"line":184,"column":8},"end":{"line":184,"column":8}}]},"22":{"line":195,"type":"if","locations":[{"start":{"line":195,"column":12},"end":{"line":195,"column":12}},{"start":{"line":195,"column":12},"end":{"line":195,"column":12}}]}}}}