TN:
SF:D:\main-propchain\contracts\LandRegistry.sol
FN:45,onlyAdmin
FN:50,onlyOwner
FN:55,constructor
FN:60,addAdmin
FN:64,removeAdmin
FN:74,registerProperty
FN:109,initiateTransaction
FN:141,approveTransaction
FN:171,updatePropertyStatus
FN:178,getProperty
FN:183,getPropertyTransactions
FN:188,getOwnerProperties
FN:192,_removePropertyFromOwner
FNF:13
FNH:13
FNDA:22,onlyAdmin
FNDA:23,onlyOwner
FNDA:63,constructor
FNDA:21,addAdmin
FNDA:1,removeAdmin
FNDA:15,registerProperty
FNDA:7,initiateTransaction
FNDA:6,approveTransaction
FNDA:2,updatePropertyStatus
FNDA:6,getProperty
FNDA:1,getPropertyTransactions
FNDA:3,getOwnerProperties
FNDA:3,_removePropertyFromOwner
DA:46,22
DA:47,21
DA:51,23
DA:52,22
DA:56,63
DA:57,63
DA:61,21
DA:65,1
DA:75,15
DA:77,15
DA:89,15
DA:92,15
DA:103,15
DA:105,15
DA:106,15
DA:115,7
DA:116,7
DA:118,6
DA:120,6
DA:131,6
DA:133,6
DA:134,6
DA:142,6
DA:143,6
DA:145,6
DA:146,6
DA:148,5
DA:149,5
DA:152,5
DA:154,3
DA:157,3
DA:160,3
DA:161,3
DA:163,3
DA:165,2
DA:168,5
DA:172,2
DA:173,2
DA:175,1
DA:179,6
DA:180,5
DA:184,1
DA:185,1
DA:189,3
DA:193,3
DA:194,3
DA:195,3
DA:196,3
DA:197,3
DA:198,3
LF:50
LH:50
BRDA:46,1,0,21
BRDA:46,1,1,1
BRDA:46,2,0,21
BRDA:46,2,1,0
BRDA:51,3,0,22
BRDA:51,3,1,1
BRDA:60,4,0,21
BRDA:60,4,1,1
BRDA:64,5,0,1
BRDA:64,5,1,0
BRDA:74,6,0,15
BRDA:74,6,1,1
BRDA:115,7,0,7
BRDA:115,7,1,0
BRDA:116,8,0,6
BRDA:116,8,1,1
BRDA:116,9,0,6
BRDA:116,9,1,0
BRDA:141,10,0,6
BRDA:141,10,1,0
BRDA:142,11,0,6
BRDA:142,11,1,0
BRDA:143,12,0,6
BRDA:143,12,1,0
BRDA:146,13,0,5
BRDA:146,13,1,1
BRDA:152,14,0,3
BRDA:152,14,1,2
BRDA:152,15,0,3
BRDA:152,15,1,0
BRDA:164,16,0,2
BRDA:164,16,1,0
BRDA:172,17,0,2
BRDA:172,17,1,0
BRDA:173,18,0,1
BRDA:173,18,1,1
BRDA:173,19,0,1
BRDA:173,19,1,0
BRDA:179,20,0,5
BRDA:179,20,1,1
BRDA:184,21,0,1
BRDA:184,21,1,0
BRDA:195,22,0,3
BRDA:195,22,1,0
BRF:44
BRH:31
end_of_record
